app/build/intermediates/proguard-rules/all/debug/aapt_rules.txt
# view AndroidManifest.xml #generated:16
-keep class com.example.isitsafe.MainActivity { <init>(...); }