app/build/outputs/mapping/all/debug/seeds.txt
com.example.isitsafe.MainActivity
com.example.isitsafe.MainActivity: MainActivity()