app/build/outputs/mapping/all/debug/mapping.txt
com.example.isitsafe.MainActivity -> com.example.isitsafe.MainActivity:
    void <init>() -> <init>
    void onCreate(android.os.Bundle) -> onCreate